time=2026-02-23T10:35:47.617-05:00 level=INFO msg="Daemon started" interval=5s auto_commit=false auto_push=false
time=2026-02-23T10:35:47.618-05:00 level=INFO msg="using database" path=/home/travis/src/triton/monitor-reef/.beads/beads.db
time=2026-02-23T10:35:47.658-05:00 level=INFO msg="database opened" path=/home/travis/src/triton/monitor-reef/.beads/beads.db backend=sqlite freshness_checking=true
time=2026-02-23T10:35:47.658-05:00 level=INFO msg="upgrading .beads/.gitignore"
time=2026-02-23T10:35:47.658-05:00 level=WARN msg="failed to upgrade .gitignore" error="open .beads/.gitignore: no such file or directory"
time=2026-02-23T10:35:47.658-05:00 level=ERROR msg="repository fingerprint validation failed" error="\nLEGACY DATABASE DETECTED!\n\nThis database was created before version 0.17.5 and lacks a repository fingerprint.\nTo continue using this database, you must explicitly set its repository ID:\n\n  bd migrate --update-repo-id\n\nThis ensures the database is bound to this repository and prevents accidental\ndatabase sharing between different repositories.\n\nIf this is a fresh clone, run:\n  rm -rf .beads && bd init\n\nNote: Auto-claiming legacy databases is intentionally disabled to prevent\nsilent corruption when databases are copied between repositories.\n"
time=2026-02-23T13:51:24.804-05:00 level=INFO msg="Daemon started" interval=5s auto_commit=false auto_push=false
time=2026-02-23T13:51:24.804-05:00 level=INFO msg="using database" path=/home/travis/src/triton/monitor-reef/.beads/beads.db
time=2026-02-23T13:51:24.846-05:00 level=INFO msg="database opened" path=/home/travis/src/triton/monitor-reef/.beads/beads.db backend=sqlite freshness_checking=true
time=2026-02-23T13:51:24.846-05:00 level=INFO msg="upgrading .beads/.gitignore"
time=2026-02-23T13:51:24.846-05:00 level=WARN msg="failed to upgrade .gitignore" error="open .beads/.gitignore: no such file or directory"
time=2026-02-23T13:51:24.847-05:00 level=ERROR msg="repository fingerprint validation failed" error="\nLEGACY DATABASE DETECTED!\n\nThis database was created before version 0.17.5 and lacks a repository fingerprint.\nTo continue using this database, you must explicitly set its repository ID:\n\n  bd migrate --update-repo-id\n\nThis ensures the database is bound to this repository and prevents accidental\ndatabase sharing between different repositories.\n\nIf this is a fresh clone, run:\n  rm -rf .beads && bd init\n\nNote: Auto-claiming legacy databases is intentionally disabled to prevent\nsilent corruption when databases are copied between repositories.\n"
time=2026-02-23T13:51:37.692-05:00 level=INFO msg="Daemon started" interval=5s auto_commit=false auto_push=false
time=2026-02-23T13:51:37.692-05:00 level=INFO msg="using database" path=/home/travis/src/triton/monitor-reef/.beads/beads.db
time=2026-02-23T13:51:37.726-05:00 level=INFO msg="database opened" path=/home/travis/src/triton/monitor-reef/.beads/beads.db backend=sqlite freshness_checking=true
time=2026-02-23T13:51:37.726-05:00 level=INFO msg="upgrading .beads/.gitignore"
time=2026-02-23T13:51:37.726-05:00 level=WARN msg="failed to upgrade .gitignore" error="open .beads/.gitignore: no such file or directory"
time=2026-02-23T13:51:37.726-05:00 level=ERROR msg="repository fingerprint validation failed" error="\nLEGACY DATABASE DETECTED!\n\nThis database was created before version 0.17.5 and lacks a repository fingerprint.\nTo continue using this database, you must explicitly set its repository ID:\n\n  bd migrate --update-repo-id\n\nThis ensures the database is bound to this repository and prevents accidental\ndatabase sharing between different repositories.\n\nIf this is a fresh clone, run:\n  rm -rf .beads && bd init\n\nNote: Auto-claiming legacy databases is intentionally disabled to prevent\nsilent corruption when databases are copied between repositories.\n"
time=2026-02-23T13:51:50.751-05:00 level=INFO msg="Daemon started" interval=5s auto_commit=false auto_push=false
time=2026-02-23T13:51:50.751-05:00 level=INFO msg="using database" path=/home/travis/src/triton/monitor-reef/.beads/beads.db
time=2026-02-23T13:51:50.782-05:00 level=INFO msg="database opened" path=/home/travis/src/triton/monitor-reef/.beads/beads.db backend=sqlite freshness_checking=true
time=2026-02-23T13:51:50.782-05:00 level=INFO msg="upgrading .beads/.gitignore"
time=2026-02-23T13:51:50.782-05:00 level=WARN msg="failed to upgrade .gitignore" error="open .beads/.gitignore: no such file or directory"
time=2026-02-23T13:51:50.782-05:00 level=ERROR msg="repository fingerprint validation failed" error="\nLEGACY DATABASE DETECTED!\n\nThis database was created before version 0.17.5 and lacks a repository fingerprint.\nTo continue using this database, you must explicitly set its repository ID:\n\n  bd migrate --update-repo-id\n\nThis ensures the database is bound to this repository and prevents accidental\ndatabase sharing between different repositories.\n\nIf this is a fresh clone, run:\n  rm -rf .beads && bd init\n\nNote: Auto-claiming legacy databases is intentionally disabled to prevent\nsilent corruption when databases are copied between repositories.\n"
